[debug] [2022-08-11T14:12:27.813Z] ----------------------------------------------------------------------
[debug] [2022-08-11T14:12:27.815Z] Command:       C:\Program Files\nodejs\node.exe C:\Users\harbi\AppData\Roaming\npm\node_modules\firebase-tools\lib\bin\firebase.js deploy
[debug] [2022-08-11T14:12:27.815Z] CLI Version:   11.6.0
[debug] [2022-08-11T14:12:27.815Z] Platform:      win32
[debug] [2022-08-11T14:12:27.815Z] Node Version:  v14.18.1
[debug] [2022-08-11T14:12:27.816Z] Time:          Thu Aug 11 2022 21:12:27 GMT+0700 (Indochina Time)
[debug] [2022-08-11T14:12:27.816Z] ----------------------------------------------------------------------
[debug] 
[debug] [2022-08-11T14:12:27.873Z] > command requires scopes: ["email","openid","https://www.googleapis.com/auth/cloudplatformprojects.readonly","https://www.googleapis.com/auth/firebase","https://www.googleapis.com/auth/cloud-platform"]
[debug] [2022-08-11T14:12:27.873Z] > authorizing via signed-in user (ginalne.owner@gmail.com)
[debug] [2022-08-11T14:12:27.873Z] [iam] checking project ginalne for permissions ["cloudfunctions.functions.create","cloudfunctions.functions.delete","cloudfunctions.functions.get","cloudfunctions.functions.list","cloudfunctions.functions.update","cloudfunctions.operations.get","firebase.projects.get"]
[debug] [2022-08-11T14:12:27.875Z] >>> [apiv2][query] POST https://cloudresourcemanager.googleapis.com/v1/projects/ginalne:testIamPermissions [none]
[debug] [2022-08-11T14:12:27.875Z] >>> [apiv2][(partial)header] POST https://cloudresourcemanager.googleapis.com/v1/projects/ginalne:testIamPermissions x-goog-quota-user=projects/ginalne
[debug] [2022-08-11T14:12:27.876Z] >>> [apiv2][body] POST https://cloudresourcemanager.googleapis.com/v1/projects/ginalne:testIamPermissions {"permissions":["cloudfunctions.functions.create","cloudfunctions.functions.delete","cloudfunctions.functions.get","cloudfunctions.functions.list","cloudfunctions.functions.update","cloudfunctions.operations.get","firebase.projects.get"]}
[debug] [2022-08-11T14:12:29.150Z] <<< [apiv2][status] POST https://cloudresourcemanager.googleapis.com/v1/projects/ginalne:testIamPermissions 200
[debug] [2022-08-11T14:12:29.151Z] <<< [apiv2][body] POST https://cloudresourcemanager.googleapis.com/v1/projects/ginalne:testIamPermissions {"permissions":["cloudfunctions.functions.create","cloudfunctions.functions.delete","cloudfunctions.functions.get","cloudfunctions.functions.list","cloudfunctions.functions.update","cloudfunctions.operations.get","firebase.projects.get"]}
[debug] [2022-08-11T14:12:29.151Z] >>> [apiv2][query] POST https://iam.googleapis.com/v1/projects/ginalne/serviceAccounts/ginalne@appspot.gserviceaccount.com:testIamPermissions [none]
[debug] [2022-08-11T14:12:29.151Z] >>> [apiv2][body] POST https://iam.googleapis.com/v1/projects/ginalne/serviceAccounts/ginalne@appspot.gserviceaccount.com:testIamPermissions {"permissions":["iam.serviceAccounts.actAs"]}
[debug] [2022-08-11T14:12:30.376Z] <<< [apiv2][status] POST https://iam.googleapis.com/v1/projects/ginalne/serviceAccounts/ginalne@appspot.gserviceaccount.com:testIamPermissions 200
[debug] [2022-08-11T14:12:30.377Z] <<< [apiv2][body] POST https://iam.googleapis.com/v1/projects/ginalne/serviceAccounts/ginalne@appspot.gserviceaccount.com:testIamPermissions {"permissions":["iam.serviceAccounts.actAs"]}
[info] 
[info] === Deploying to 'ginalne'...
[info] 
[info] i  deploying functions 
[info] Running command: npm --prefix "$RESOURCE_DIR" run lint
[info] +  functions: Finished running predeploy script. 
[debug] [2022-08-11T14:12:31.375Z] >>> [apiv2][query] GET https://firebase.googleapis.com/v1beta1/projects/ginalne [none]
[debug] [2022-08-11T14:12:31.812Z] <<< [apiv2][status] GET https://firebase.googleapis.com/v1beta1/projects/ginalne 200
[debug] [2022-08-11T14:12:31.812Z] <<< [apiv2][body] GET https://firebase.googleapis.com/v1beta1/projects/ginalne {"projectId":"ginalne","projectNumber":"133333724885","displayName":"ginalne","name":"projects/ginalne","resources":{"hostingSite":"ginalne","storageBucket":"ginalne.appspot.com","locationId":"asia-southeast2"},"state":"ACTIVE","etag":"1_45b87076-2899-4d71-a121-d1413ad4f33e"}
[info] i  functions: ensuring required API cloudfunctions.googleapis.com is enabled... 
[info] i  functions: ensuring required API cloudbuild.googleapis.com is enabled... 
[info] i  artifactregistry: ensuring required API artifactregistry.googleapis.com is enabled... 
[debug] [2022-08-11T14:12:31.815Z] >>> [apiv2][query] GET https://serviceusage.googleapis.com/v1/projects/ginalne/services/cloudfunctions.googleapis.com [none]
[debug] [2022-08-11T14:12:31.816Z] >>> [apiv2][query] GET https://serviceusage.googleapis.com/v1/projects/ginalne/services/runtimeconfig.googleapis.com [none]
[debug] [2022-08-11T14:12:31.817Z] >>> [apiv2][query] GET https://serviceusage.googleapis.com/v1/projects/ginalne/services/cloudbuild.googleapis.com [none]
[debug] [2022-08-11T14:12:31.817Z] >>> [apiv2][query] GET https://serviceusage.googleapis.com/v1/projects/ginalne/services/artifactregistry.googleapis.com [none]
[debug] [2022-08-11T14:12:33.336Z] <<< [apiv2][status] GET https://serviceusage.googleapis.com/v1/projects/ginalne/services/cloudfunctions.googleapis.com 200
[debug] [2022-08-11T14:12:33.336Z] <<< [apiv2][body] GET https://serviceusage.googleapis.com/v1/projects/ginalne/services/cloudfunctions.googleapis.com [omitted]
[info] +  functions: required API cloudfunctions.googleapis.com is enabled 
[debug] [2022-08-11T14:12:33.393Z] <<< [apiv2][status] GET https://serviceusage.googleapis.com/v1/projects/ginalne/services/cloudbuild.googleapis.com 200
[debug] [2022-08-11T14:12:33.393Z] <<< [apiv2][body] GET https://serviceusage.googleapis.com/v1/projects/ginalne/services/cloudbuild.googleapis.com [omitted]
[info] +  functions: required API cloudbuild.googleapis.com is enabled 
[debug] [2022-08-11T14:12:33.419Z] <<< [apiv2][status] GET https://serviceusage.googleapis.com/v1/projects/ginalne/services/artifactregistry.googleapis.com 200
[debug] [2022-08-11T14:12:33.419Z] <<< [apiv2][body] GET https://serviceusage.googleapis.com/v1/projects/ginalne/services/artifactregistry.googleapis.com [omitted]
[info] +  artifactregistry: required API artifactregistry.googleapis.com is enabled 
[debug] [2022-08-11T14:12:33.421Z] <<< [apiv2][status] GET https://serviceusage.googleapis.com/v1/projects/ginalne/services/runtimeconfig.googleapis.com 200
[debug] [2022-08-11T14:12:33.421Z] <<< [apiv2][body] GET https://serviceusage.googleapis.com/v1/projects/ginalne/services/runtimeconfig.googleapis.com [omitted]
[debug] [2022-08-11T14:12:33.422Z] >>> [apiv2][query] GET https://firebase.googleapis.com/v1beta1/projects/ginalne/adminSdkConfig [none]
[debug] [2022-08-11T14:12:33.851Z] <<< [apiv2][status] GET https://firebase.googleapis.com/v1beta1/projects/ginalne/adminSdkConfig 200
[debug] [2022-08-11T14:12:33.851Z] <<< [apiv2][body] GET https://firebase.googleapis.com/v1beta1/projects/ginalne/adminSdkConfig {"projectId":"ginalne","storageBucket":"ginalne.appspot.com","locationId":"asia-southeast2"}
[debug] [2022-08-11T14:12:33.852Z] >>> [apiv2][query] GET https://runtimeconfig.googleapis.com/v1beta1/projects/ginalne/configs [none]
[debug] [2022-08-11T14:12:34.338Z] <<< [apiv2][status] GET https://runtimeconfig.googleapis.com/v1beta1/projects/ginalne/configs 200
[debug] [2022-08-11T14:12:34.338Z] <<< [apiv2][body] GET https://runtimeconfig.googleapis.com/v1beta1/projects/ginalne/configs {}
[info] i  functions: preparing codebase default for deployment 
[debug] [2022-08-11T14:12:34.340Z] Validating nodejs source
[debug] [2022-08-11T14:12:36.494Z] > [functions] package.json contents: {
  "name": "functions",
  "description": "Cloud Functions for Firebase",
  "scripts": {
    "lint": "eslint .",
    "serve": "firebase emulators:start --only functions",
    "shell": "firebase functions:shell",
    "start": "npm run shell",
    "deploy": "firebase deploy --only functions",
    "logs": "firebase functions:log"
  },
  "engines": {
    "node": "16"
  },
  "main": "index.js",
  "dependencies": {
    "firebase-admin": "^10.0.2",
    "firebase-functions": "^3.18.0"
  },
  "devDependencies": {
    "eslint": "^8.9.0",
    "eslint-config-google": "^0.14.0",
    "firebase-functions-test": "^0.2.0"
  },
  "private": true
}
[debug] [2022-08-11T14:12:36.494Z] Building nodejs source
[debug] [2022-08-11T14:12:36.495Z] Could not find functions.yaml. Must use http discovery
[debug] [2022-08-11T14:12:36.651Z] Serving at port 9005

[debug] [2022-08-11T14:12:36.708Z] Got response from /__/functions.yaml {"endpoints":{"helloWorld":{"platform":"gcfv1","httpsTrigger":{},"entryPoint":"helloWorld"}},"specVersion":"v1alpha1","requiredAPIs":[]}
[debug] [2022-08-11T14:12:36.713Z] shutdown requested via /__/quitquitquit

[info] i  functions: preparing functions directory for uploading... 
[info] i  functions: packaged D:\Project\Source Code\wa-api\functions (38.73 KB) for uploading 
[debug] [2022-08-11T14:12:36.767Z] >>> [apiv2][query] GET https://cloudfunctions.googleapis.com/v1/projects/ginalne/locations/-/functions [none]
[debug] [2022-08-11T14:12:37.466Z] <<< [apiv2][status] GET https://cloudfunctions.googleapis.com/v1/projects/ginalne/locations/-/functions 200
[debug] [2022-08-11T14:12:37.466Z] <<< [apiv2][body] GET https://cloudfunctions.googleapis.com/v1/projects/ginalne/locations/-/functions {"functions":[{"name":"projects/ginalne/locations/us-central1/functions/helloWorld","httpsTrigger":{"url":"https://us-central1-ginalne.cloudfunctions.net/helloWorld","securityLevel":"SECURE_ALWAYS"},"status":"ACTIVE","entryPoint":"helloWorld","timeout":"60s","availableMemoryMb":256,"serviceAccountEmail":"ginalne@appspot.gserviceaccount.com","updateTime":"2022-08-11T14:08:10.977Z","versionId":"1","labels":{"deployment-tool":"cli-firebase"},"sourceUploadUrl":"https://storage.googleapis.com/uploads-280327481839.us-central1.cloudfunctions.appspot.com/6114d51c-616e-4783-99c9-c5ddc9d0fdbf.zip","environmentVariables":{"FIREBASE_CONFIG":"{\"projectId\":\"ginalne\",\"storageBucket\":\"ginalne.appspot.com\",\"locationId\":\"asia-southeast2\"}","GCLOUD_PROJECT":"ginalne"},"runtime":"nodejs16","ingressSettings":"ALLOW_ALL","buildId":"35951518-4ab6-4399-9ccf-67e8d7333731","buildName":"projects/133333724885/locations/us-central1/builds/35951518-4ab6-4399-9ccf-67e8d7333731","dockerRegistry":"ARTIFACT_REGISTRY"}]}
[debug] [2022-08-11T14:12:37.467Z] >>> [apiv2][query] GET https://cloudfunctions.googleapis.com/v2alpha/projects/ginalne/locations/-/functions [none]
[debug] [2022-08-11T14:12:39.231Z] <<< [apiv2][status] GET https://cloudfunctions.googleapis.com/v2alpha/projects/ginalne/locations/-/functions 200
[debug] [2022-08-11T14:12:39.232Z] <<< [apiv2][body] GET https://cloudfunctions.googleapis.com/v2alpha/projects/ginalne/locations/-/functions {}
[debug] [2022-08-11T14:12:39.234Z] >>> [apiv2][query] GET https://firebase.googleapis.com/v1beta1/projects/ginalne [none]
[debug] [2022-08-11T14:12:39.654Z] <<< [apiv2][status] GET https://firebase.googleapis.com/v1beta1/projects/ginalne 200
[debug] [2022-08-11T14:12:39.654Z] <<< [apiv2][body] GET https://firebase.googleapis.com/v1beta1/projects/ginalne {"projectId":"ginalne","projectNumber":"133333724885","displayName":"ginalne","name":"projects/ginalne","resources":{"hostingSite":"ginalne","storageBucket":"ginalne.appspot.com","locationId":"asia-southeast2"},"state":"ACTIVE","etag":"1_45b87076-2899-4d71-a121-d1413ad4f33e"}
[debug] [2022-08-11T14:12:39.655Z] >>> [apiv2][query] POST https://cloudfunctions.googleapis.com/v1/projects/ginalne/locations/us-central1/functions:generateUploadUrl [none]
[debug] [2022-08-11T14:12:39.655Z] >>> [apiv2][body] POST https://cloudfunctions.googleapis.com/v1/projects/ginalne/locations/us-central1/functions:generateUploadUrl {}
[debug] [2022-08-11T14:12:40.537Z] <<< [apiv2][status] POST https://cloudfunctions.googleapis.com/v1/projects/ginalne/locations/us-central1/functions:generateUploadUrl 200
[debug] [2022-08-11T14:12:40.538Z] <<< [apiv2][body] POST https://cloudfunctions.googleapis.com/v1/projects/ginalne/locations/us-central1/functions:generateUploadUrl {"uploadUrl":"https://storage.googleapis.com/uploads-280327481839.us-central1.cloudfunctions.appspot.com/ca22bb37-351a-49f7-a2ea-c651389c87b0.zip?GoogleAccessId=service-133333724885@gcf-admin-robot.iam.gserviceaccount.com&Expires=1660228960&Signature=OILf4djaJhpgT0hePuMjqH22EhhN8uBFsyQ3YPzXLsG6Z6lYW1XHRMvGzfGTpRiPNpiC7oKlj9hLCTuUZ7rrgSTlwyk0Oj54fKlNB2R3VGj%2BGblIESOLLjJ9acYtEZqMy4IuyN%2FrWV9%2BOAzwN2cKfWa6GGklPTYJ%2BykAqQFqqKI3Pkp8nFgJwCVoir2RsA2bZuJaFTRbpg2MOFFhj0SodzvSn2laxyt%2BTPsR6AMs%2Br5B9AYjE4L0wv9xzYvphJ30J2sS1zWV8SbGiMDiuTMuGycN8PkgyCWE6zsMOpYgpgoZdY2kJ%2FMrhODh6bMFbR9U6%2BzrJHblJlEXSS5iRUVRmA%3D%3D"}
[debug] [2022-08-11T14:12:40.538Z] >>> [apiv2][query] PUT https://storage.googleapis.com/uploads-280327481839.us-central1.cloudfunctions.appspot.com/ca22bb37-351a-49f7-a2ea-c651389c87b0.zip GoogleAccessId=service-133333724885%40gcf-admin-robot.iam.gserviceaccount.com&Expires=1660228960&Signature=OILf4djaJhpgT0hePuMjqH22EhhN8uBFsyQ3YPzXLsG6Z6lYW1XHRMvGzfGTpRiPNpiC7oKlj9hLCTuUZ7rrgSTlwyk0Oj54fKlNB2R3VGj%2BGblIESOLLjJ9acYtEZqMy4IuyN%2FrWV9%2BOAzwN2cKfWa6GGklPTYJ%2BykAqQFqqKI3Pkp8nFgJwCVoir2RsA2bZuJaFTRbpg2MOFFhj0SodzvSn2laxyt%2BTPsR6AMs%2Br5B9AYjE4L0wv9xzYvphJ30J2sS1zWV8SbGiMDiuTMuGycN8PkgyCWE6zsMOpYgpgoZdY2kJ%2FMrhODh6bMFbR9U6%2BzrJHblJlEXSS5iRUVRmA%3D%3D
[debug] [2022-08-11T14:12:40.539Z] >>> [apiv2][body] PUT https://storage.googleapis.com/uploads-280327481839.us-central1.cloudfunctions.appspot.com/ca22bb37-351a-49f7-a2ea-c651389c87b0.zip [stream]
[debug] [2022-08-11T14:12:41.196Z] <<< [apiv2][status] PUT https://storage.googleapis.com/uploads-280327481839.us-central1.cloudfunctions.appspot.com/ca22bb37-351a-49f7-a2ea-c651389c87b0.zip 200
[debug] [2022-08-11T14:12:41.196Z] <<< [apiv2][body] PUT https://storage.googleapis.com/uploads-280327481839.us-central1.cloudfunctions.appspot.com/ca22bb37-351a-49f7-a2ea-c651389c87b0.zip [omitted]
[info] +  functions: functions folder uploaded successfully 
[info] i  functions: updating Node.js 16 function helloWorld(us-central1)... 
[debug] [2022-08-11T14:12:41.200Z] >>> [apiv2][query] PATCH https://cloudfunctions.googleapis.com/v1/projects/ginalne/locations/us-central1/functions/helloWorld updateMask=name%2CsourceUploadUrl%2CentryPoint%2Cruntime%2CdockerRegistry%2Clabels%2ChttpsTrigger.securityLevel%2CenvironmentVariables%2CavailableMemoryMb%2CsourceToken
[debug] [2022-08-11T14:12:41.200Z] >>> [apiv2][body] PATCH https://cloudfunctions.googleapis.com/v1/projects/ginalne/locations/us-central1/functions/helloWorld {"name":"projects/ginalne/locations/us-central1/functions/helloWorld","sourceUploadUrl":"https://storage.googleapis.com/uploads-280327481839.us-central1.cloudfunctions.appspot.com/ca22bb37-351a-49f7-a2ea-c651389c87b0.zip?GoogleAccessId=service-133333724885@gcf-admin-robot.iam.gserviceaccount.com&Expires=1660228960&Signature=OILf4djaJhpgT0hePuMjqH22EhhN8uBFsyQ3YPzXLsG6Z6lYW1XHRMvGzfGTpRiPNpiC7oKlj9hLCTuUZ7rrgSTlwyk0Oj54fKlNB2R3VGj%2BGblIESOLLjJ9acYtEZqMy4IuyN%2FrWV9%2BOAzwN2cKfWa6GGklPTYJ%2BykAqQFqqKI3Pkp8nFgJwCVoir2RsA2bZuJaFTRbpg2MOFFhj0SodzvSn2laxyt%2BTPsR6AMs%2Br5B9AYjE4L0wv9xzYvphJ30J2sS1zWV8SbGiMDiuTMuGycN8PkgyCWE6zsMOpYgpgoZdY2kJ%2FMrhODh6bMFbR9U6%2BzrJHblJlEXSS5iRUVRmA%3D%3D","entryPoint":"helloWorld","runtime":"nodejs16","dockerRegistry":"ARTIFACT_REGISTRY","labels":{"deployment-tool":"cli-firebase"},"httpsTrigger":{"securityLevel":"SECURE_ALWAYS"},"environmentVariables":{"FIREBASE_CONFIG":"{\"projectId\":\"ginalne\",\"storageBucket\":\"ginalne.appspot.com\",\"locationId\":\"asia-southeast2\"}","GCLOUD_PROJECT":"ginalne"},"availableMemoryMb":256}
[debug] [2022-08-11T14:12:42.185Z] <<< [apiv2][status] PATCH https://cloudfunctions.googleapis.com/v1/projects/ginalne/locations/us-central1/functions/helloWorld 200
[debug] [2022-08-11T14:12:42.185Z] <<< [apiv2][body] PATCH https://cloudfunctions.googleapis.com/v1/projects/ginalne/locations/us-central1/functions/helloWorld {"name":"operations/Z2luYWxuZS91cy1jZW50cmFsMS9oZWxsb1dvcmxkL0pSa2xRNHRNRm1r","metadata":{"@type":"type.googleapis.com/google.cloud.functions.v1.OperationMetadataV1","target":"projects/ginalne/locations/us-central1/functions/helloWorld","type":"UPDATE_FUNCTION","request":{"@type":"type.googleapis.com/google.cloud.functions.v1.CloudFunction","name":"projects/ginalne/locations/us-central1/functions/helloWorld","httpsTrigger":{"url":"https://us-central1-ginalne.cloudfunctions.net/helloWorld","securityLevel":"SECURE_ALWAYS"},"status":"ACTIVE","entryPoint":"helloWorld","timeout":"60s","availableMemoryMb":256,"serviceAccountEmail":"ginalne@appspot.gserviceaccount.com","updateTime":"2022-08-11T14:08:10.977Z","versionId":"1","labels":{"deployment-tool":"cli-firebase"},"sourceUploadUrl":"https://storage.googleapis.com/uploads-280327481839.us-central1.cloudfunctions.appspot.com/ca22bb37-351a-49f7-a2ea-c651389c87b0.zip?GoogleAccessId=service-133333724885@gcf-admin-robot.iam.gserviceaccount.com&Expires=1660228960&Signature=OILf4djaJhpgT0hePuMjqH22EhhN8uBFsyQ3YPzXLsG6Z6lYW1XHRMvGzfGTpRiPNpiC7oKlj9hLCTuUZ7rrgSTlwyk0Oj54fKlNB2R3VGj%2BGblIESOLLjJ9acYtEZqMy4IuyN%2FrWV9%2BOAzwN2cKfWa6GGklPTYJ%2BykAqQFqqKI3Pkp8nFgJwCVoir2RsA2bZuJaFTRbpg2MOFFhj0SodzvSn2laxyt%2BTPsR6AMs%2Br5B9AYjE4L0wv9xzYvphJ30J2sS1zWV8SbGiMDiuTMuGycN8PkgyCWE6zsMOpYgpgoZdY2kJ%2FMrhODh6bMFbR9U6%2BzrJHblJlEXSS5iRUVRmA%3D%3D","environmentVariables":{"FIREBASE_CONFIG":"{\"projectId\":\"ginalne\",\"storageBucket\":\"ginalne.appspot.com\",\"locationId\":\"asia-southeast2\"}","GCLOUD_PROJECT":"ginalne"},"runtime":"nodejs16","ingressSettings":"ALLOW_ALL","buildId":"35951518-4ab6-4399-9ccf-67e8d7333731","buildName":"projects/133333724885/locations/us-central1/builds/35951518-4ab6-4399-9ccf-67e8d7333731","dockerRegistry":"ARTIFACT_REGISTRY"},"versionId":"2","updateTime":"2022-08-11T14:12:42Z"}}
[debug] [2022-08-11T14:12:42.186Z] >>> [apiv2][query] GET https://cloudfunctions.googleapis.com/v1/operations/Z2luYWxuZS91cy1jZW50cmFsMS9oZWxsb1dvcmxkL0pSa2xRNHRNRm1r [none]
[debug] [2022-08-11T14:12:42.711Z] <<< [apiv2][status] GET https://cloudfunctions.googleapis.com/v1/operations/Z2luYWxuZS91cy1jZW50cmFsMS9oZWxsb1dvcmxkL0pSa2xRNHRNRm1r 200
[debug] [2022-08-11T14:12:42.711Z] <<< [apiv2][body] GET https://cloudfunctions.googleapis.com/v1/operations/Z2luYWxuZS91cy1jZW50cmFsMS9oZWxsb1dvcmxkL0pSa2xRNHRNRm1r {"name":"operations/Z2luYWxuZS91cy1jZW50cmFsMS9oZWxsb1dvcmxkL0pSa2xRNHRNRm1r","metadata":{"@type":"type.googleapis.com/google.cloud.functions.v1.OperationMetadataV1","target":"projects/ginalne/locations/us-central1/functions/helloWorld","type":"UPDATE_FUNCTION","request":{"@type":"type.googleapis.com/google.cloud.functions.v1.CloudFunction","name":"projects/ginalne/locations/us-central1/functions/helloWorld","httpsTrigger":{"url":"https://us-central1-ginalne.cloudfunctions.net/helloWorld","securityLevel":"SECURE_ALWAYS"},"status":"ACTIVE","entryPoint":"helloWorld","timeout":"60s","availableMemoryMb":256,"serviceAccountEmail":"ginalne@appspot.gserviceaccount.com","updateTime":"2022-08-11T14:08:10.977Z","versionId":"1","labels":{"deployment-tool":"cli-firebase"},"sourceUploadUrl":"https://storage.googleapis.com/uploads-280327481839.us-central1.cloudfunctions.appspot.com/ca22bb37-351a-49f7-a2ea-c651389c87b0.zip?GoogleAccessId=service-133333724885@gcf-admin-robot.iam.gserviceaccount.com&Expires=1660228960&Signature=OILf4djaJhpgT0hePuMjqH22EhhN8uBFsyQ3YPzXLsG6Z6lYW1XHRMvGzfGTpRiPNpiC7oKlj9hLCTuUZ7rrgSTlwyk0Oj54fKlNB2R3VGj%2BGblIESOLLjJ9acYtEZqMy4IuyN%2FrWV9%2BOAzwN2cKfWa6GGklPTYJ%2BykAqQFqqKI3Pkp8nFgJwCVoir2RsA2bZuJaFTRbpg2MOFFhj0SodzvSn2laxyt%2BTPsR6AMs%2Br5B9AYjE4L0wv9xzYvphJ30J2sS1zWV8SbGiMDiuTMuGycN8PkgyCWE6zsMOpYgpgoZdY2kJ%2FMrhODh6bMFbR9U6%2BzrJHblJlEXSS5iRUVRmA%3D%3D","environmentVariables":{"FIREBASE_CONFIG":"{\"projectId\":\"ginalne\",\"storageBucket\":\"ginalne.appspot.com\",\"locationId\":\"asia-southeast2\"}","GCLOUD_PROJECT":"ginalne"},"runtime":"nodejs16","ingressSettings":"ALLOW_ALL","buildId":"35951518-4ab6-4399-9ccf-67e8d7333731","buildName":"projects/133333724885/locations/us-central1/builds/35951518-4ab6-4399-9ccf-67e8d7333731","dockerRegistry":"ARTIFACT_REGISTRY"},"versionId":"2","updateTime":"2022-08-11T14:12:42Z"}}
[debug] [2022-08-11T14:12:43.222Z] [update-default-us-central1-helloWorld] Retrying task index 0
[debug] [2022-08-11T14:12:43.223Z] >>> [apiv2][query] GET https://cloudfunctions.googleapis.com/v1/operations/Z2luYWxuZS91cy1jZW50cmFsMS9oZWxsb1dvcmxkL0pSa2xRNHRNRm1r [none]
[debug] [2022-08-11T14:12:43.773Z] <<< [apiv2][status] GET https://cloudfunctions.googleapis.com/v1/operations/Z2luYWxuZS91cy1jZW50cmFsMS9oZWxsb1dvcmxkL0pSa2xRNHRNRm1r 200
[debug] [2022-08-11T14:12:43.773Z] <<< [apiv2][body] GET https://cloudfunctions.googleapis.com/v1/operations/Z2luYWxuZS91cy1jZW50cmFsMS9oZWxsb1dvcmxkL0pSa2xRNHRNRm1r {"name":"operations/Z2luYWxuZS91cy1jZW50cmFsMS9oZWxsb1dvcmxkL0pSa2xRNHRNRm1r","metadata":{"@type":"type.googleapis.com/google.cloud.functions.v1.OperationMetadataV1","target":"projects/ginalne/locations/us-central1/functions/helloWorld","type":"UPDATE_FUNCTION","request":{"@type":"type.googleapis.com/google.cloud.functions.v1.CloudFunction","name":"projects/ginalne/locations/us-central1/functions/helloWorld","httpsTrigger":{"url":"https://us-central1-ginalne.cloudfunctions.net/helloWorld","securityLevel":"SECURE_ALWAYS"},"status":"ACTIVE","entryPoint":"helloWorld","timeout":"60s","availableMemoryMb":256,"serviceAccountEmail":"ginalne@appspot.gserviceaccount.com","updateTime":"2022-08-11T14:08:10.977Z","versionId":"1","labels":{"deployment-tool":"cli-firebase"},"sourceUploadUrl":"https://storage.googleapis.com/uploads-280327481839.us-central1.cloudfunctions.appspot.com/ca22bb37-351a-49f7-a2ea-c651389c87b0.zip?GoogleAccessId=service-133333724885@gcf-admin-robot.iam.gserviceaccount.com&Expires=1660228960&Signature=OILf4djaJhpgT0hePuMjqH22EhhN8uBFsyQ3YPzXLsG6Z6lYW1XHRMvGzfGTpRiPNpiC7oKlj9hLCTuUZ7rrgSTlwyk0Oj54fKlNB2R3VGj%2BGblIESOLLjJ9acYtEZqMy4IuyN%2FrWV9%2BOAzwN2cKfWa6GGklPTYJ%2BykAqQFqqKI3Pkp8nFgJwCVoir2RsA2bZuJaFTRbpg2MOFFhj0SodzvSn2laxyt%2BTPsR6AMs%2Br5B9AYjE4L0wv9xzYvphJ30J2sS1zWV8SbGiMDiuTMuGycN8PkgyCWE6zsMOpYgpgoZdY2kJ%2FMrhODh6bMFbR9U6%2BzrJHblJlEXSS5iRUVRmA%3D%3D","environmentVariables":{"FIREBASE_CONFIG":"{\"projectId\":\"ginalne\",\"storageBucket\":\"ginalne.appspot.com\",\"locationId\":\"asia-southeast2\"}","GCLOUD_PROJECT":"ginalne"},"runtime":"nodejs16","ingressSettings":"ALLOW_ALL","buildId":"35951518-4ab6-4399-9ccf-67e8d7333731","buildName":"projects/133333724885/locations/us-central1/builds/35951518-4ab6-4399-9ccf-67e8d7333731","dockerRegistry":"ARTIFACT_REGISTRY"},"versionId":"2","updateTime":"2022-08-11T14:12:42Z","buildId":"d21b616e-1d38-47f5-9401-7a2821b8245c","buildName":"projects/133333724885/locations/us-central1/builds/d21b616e-1d38-47f5-9401-7a2821b8245c"}}
[debug] [2022-08-11T14:12:44.784Z] [update-default-us-central1-helloWorld] Retrying task index 0
[debug] [2022-08-11T14:12:44.784Z] >>> [apiv2][query] GET https://cloudfunctions.googleapis.com/v1/operations/Z2luYWxuZS91cy1jZW50cmFsMS9oZWxsb1dvcmxkL0pSa2xRNHRNRm1r [none]
[debug] [2022-08-11T14:12:45.358Z] <<< [apiv2][status] GET https://cloudfunctions.googleapis.com/v1/operations/Z2luYWxuZS91cy1jZW50cmFsMS9oZWxsb1dvcmxkL0pSa2xRNHRNRm1r 200
[debug] [2022-08-11T14:12:45.358Z] <<< [apiv2][body] GET https://cloudfunctions.googleapis.com/v1/operations/Z2luYWxuZS91cy1jZW50cmFsMS9oZWxsb1dvcmxkL0pSa2xRNHRNRm1r {"name":"operations/Z2luYWxuZS91cy1jZW50cmFsMS9oZWxsb1dvcmxkL0pSa2xRNHRNRm1r","metadata":{"@type":"type.googleapis.com/google.cloud.functions.v1.OperationMetadataV1","target":"projects/ginalne/locations/us-central1/functions/helloWorld","type":"UPDATE_FUNCTION","request":{"@type":"type.googleapis.com/google.cloud.functions.v1.CloudFunction","name":"projects/ginalne/locations/us-central1/functions/helloWorld","httpsTrigger":{"url":"https://us-central1-ginalne.cloudfunctions.net/helloWorld","securityLevel":"SECURE_ALWAYS"},"status":"ACTIVE","entryPoint":"helloWorld","timeout":"60s","availableMemoryMb":256,"serviceAccountEmail":"ginalne@appspot.gserviceaccount.com","updateTime":"2022-08-11T14:08:10.977Z","versionId":"1","labels":{"deployment-tool":"cli-firebase"},"sourceUploadUrl":"https://storage.googleapis.com/uploads-280327481839.us-central1.cloudfunctions.appspot.com/ca22bb37-351a-49f7-a2ea-c651389c87b0.zip?GoogleAccessId=service-133333724885@gcf-admin-robot.iam.gserviceaccount.com&Expires=1660228960&Signature=OILf4djaJhpgT0hePuMjqH22EhhN8uBFsyQ3YPzXLsG6Z6lYW1XHRMvGzfGTpRiPNpiC7oKlj9hLCTuUZ7rrgSTlwyk0Oj54fKlNB2R3VGj%2BGblIESOLLjJ9acYtEZqMy4IuyN%2FrWV9%2BOAzwN2cKfWa6GGklPTYJ%2BykAqQFqqKI3Pkp8nFgJwCVoir2RsA2bZuJaFTRbpg2MOFFhj0SodzvSn2laxyt%2BTPsR6AMs%2Br5B9AYjE4L0wv9xzYvphJ30J2sS1zWV8SbGiMDiuTMuGycN8PkgyCWE6zsMOpYgpgoZdY2kJ%2FMrhODh6bMFbR9U6%2BzrJHblJlEXSS5iRUVRmA%3D%3D","environmentVariables":{"FIREBASE_CONFIG":"{\"projectId\":\"ginalne\",\"storageBucket\":\"ginalne.appspot.com\",\"locationId\":\"asia-southeast2\"}","GCLOUD_PROJECT":"ginalne"},"runtime":"nodejs16","ingressSettings":"ALLOW_ALL","buildId":"35951518-4ab6-4399-9ccf-67e8d7333731","buildName":"projects/133333724885/locations/us-central1/builds/35951518-4ab6-4399-9ccf-67e8d7333731","dockerRegistry":"ARTIFACT_REGISTRY"},"versionId":"2","updateTime":"2022-08-11T14:12:42Z","buildId":"d21b616e-1d38-47f5-9401-7a2821b8245c","buildName":"projects/133333724885/locations/us-central1/builds/d21b616e-1d38-47f5-9401-7a2821b8245c"}}
[debug] [2022-08-11T14:12:47.367Z] [update-default-us-central1-helloWorld] Retrying task index 0
[debug] [2022-08-11T14:12:47.368Z] >>> [apiv2][query] GET https://cloudfunctions.googleapis.com/v1/operations/Z2luYWxuZS91cy1jZW50cmFsMS9oZWxsb1dvcmxkL0pSa2xRNHRNRm1r [none]
[debug] [2022-08-11T14:12:47.829Z] <<< [apiv2][status] GET https://cloudfunctions.googleapis.com/v1/operations/Z2luYWxuZS91cy1jZW50cmFsMS9oZWxsb1dvcmxkL0pSa2xRNHRNRm1r 200
[debug] [2022-08-11T14:12:47.829Z] <<< [apiv2][body] GET https://cloudfunctions.googleapis.com/v1/operations/Z2luYWxuZS91cy1jZW50cmFsMS9oZWxsb1dvcmxkL0pSa2xRNHRNRm1r {"name":"operations/Z2luYWxuZS91cy1jZW50cmFsMS9oZWxsb1dvcmxkL0pSa2xRNHRNRm1r","metadata":{"@type":"type.googleapis.com/google.cloud.functions.v1.OperationMetadataV1","target":"projects/ginalne/locations/us-central1/functions/helloWorld","type":"UPDATE_FUNCTION","request":{"@type":"type.googleapis.com/google.cloud.functions.v1.CloudFunction","name":"projects/ginalne/locations/us-central1/functions/helloWorld","httpsTrigger":{"url":"https://us-central1-ginalne.cloudfunctions.net/helloWorld","securityLevel":"SECURE_ALWAYS"},"status":"ACTIVE","entryPoint":"helloWorld","timeout":"60s","availableMemoryMb":256,"serviceAccountEmail":"ginalne@appspot.gserviceaccount.com","updateTime":"2022-08-11T14:08:10.977Z","versionId":"1","labels":{"deployment-tool":"cli-firebase"},"sourceUploadUrl":"https://storage.googleapis.com/uploads-280327481839.us-central1.cloudfunctions.appspot.com/ca22bb37-351a-49f7-a2ea-c651389c87b0.zip?GoogleAccessId=service-133333724885@gcf-admin-robot.iam.gserviceaccount.com&Expires=1660228960&Signature=OILf4djaJhpgT0hePuMjqH22EhhN8uBFsyQ3YPzXLsG6Z6lYW1XHRMvGzfGTpRiPNpiC7oKlj9hLCTuUZ7rrgSTlwyk0Oj54fKlNB2R3VGj%2BGblIESOLLjJ9acYtEZqMy4IuyN%2FrWV9%2BOAzwN2cKfWa6GGklPTYJ%2BykAqQFqqKI3Pkp8nFgJwCVoir2RsA2bZuJaFTRbpg2MOFFhj0SodzvSn2laxyt%2BTPsR6AMs%2Br5B9AYjE4L0wv9xzYvphJ30J2sS1zWV8SbGiMDiuTMuGycN8PkgyCWE6zsMOpYgpgoZdY2kJ%2FMrhODh6bMFbR9U6%2BzrJHblJlEXSS5iRUVRmA%3D%3D","environmentVariables":{"FIREBASE_CONFIG":"{\"projectId\":\"ginalne\",\"storageBucket\":\"ginalne.appspot.com\",\"locationId\":\"asia-southeast2\"}","GCLOUD_PROJECT":"ginalne"},"runtime":"nodejs16","ingressSettings":"ALLOW_ALL","buildId":"35951518-4ab6-4399-9ccf-67e8d7333731","buildName":"projects/133333724885/locations/us-central1/builds/35951518-4ab6-4399-9ccf-67e8d7333731","dockerRegistry":"ARTIFACT_REGISTRY"},"versionId":"2","updateTime":"2022-08-11T14:12:42Z","buildId":"d21b616e-1d38-47f5-9401-7a2821b8245c","buildName":"projects/133333724885/locations/us-central1/builds/d21b616e-1d38-47f5-9401-7a2821b8245c"}}
[debug] [2022-08-11T14:12:51.835Z] [update-default-us-central1-helloWorld] Retrying task index 0
[debug] [2022-08-11T14:12:51.836Z] >>> [apiv2][query] GET https://cloudfunctions.googleapis.com/v1/operations/Z2luYWxuZS91cy1jZW50cmFsMS9oZWxsb1dvcmxkL0pSa2xRNHRNRm1r [none]
[debug] [2022-08-11T14:12:52.291Z] <<< [apiv2][status] GET https://cloudfunctions.googleapis.com/v1/operations/Z2luYWxuZS91cy1jZW50cmFsMS9oZWxsb1dvcmxkL0pSa2xRNHRNRm1r 200
[debug] [2022-08-11T14:12:52.291Z] <<< [apiv2][body] GET https://cloudfunctions.googleapis.com/v1/operations/Z2luYWxuZS91cy1jZW50cmFsMS9oZWxsb1dvcmxkL0pSa2xRNHRNRm1r {"name":"operations/Z2luYWxuZS91cy1jZW50cmFsMS9oZWxsb1dvcmxkL0pSa2xRNHRNRm1r","metadata":{"@type":"type.googleapis.com/google.cloud.functions.v1.OperationMetadataV1","target":"projects/ginalne/locations/us-central1/functions/helloWorld","type":"UPDATE_FUNCTION","request":{"@type":"type.googleapis.com/google.cloud.functions.v1.CloudFunction","name":"projects/ginalne/locations/us-central1/functions/helloWorld","httpsTrigger":{"url":"https://us-central1-ginalne.cloudfunctions.net/helloWorld","securityLevel":"SECURE_ALWAYS"},"status":"ACTIVE","entryPoint":"helloWorld","timeout":"60s","availableMemoryMb":256,"serviceAccountEmail":"ginalne@appspot.gserviceaccount.com","updateTime":"2022-08-11T14:08:10.977Z","versionId":"1","labels":{"deployment-tool":"cli-firebase"},"sourceUploadUrl":"https://storage.googleapis.com/uploads-280327481839.us-central1.cloudfunctions.appspot.com/ca22bb37-351a-49f7-a2ea-c651389c87b0.zip?GoogleAccessId=service-133333724885@gcf-admin-robot.iam.gserviceaccount.com&Expires=1660228960&Signature=OILf4djaJhpgT0hePuMjqH22EhhN8uBFsyQ3YPzXLsG6Z6lYW1XHRMvGzfGTpRiPNpiC7oKlj9hLCTuUZ7rrgSTlwyk0Oj54fKlNB2R3VGj%2BGblIESOLLjJ9acYtEZqMy4IuyN%2FrWV9%2BOAzwN2cKfWa6GGklPTYJ%2BykAqQFqqKI3Pkp8nFgJwCVoir2RsA2bZuJaFTRbpg2MOFFhj0SodzvSn2laxyt%2BTPsR6AMs%2Br5B9AYjE4L0wv9xzYvphJ30J2sS1zWV8SbGiMDiuTMuGycN8PkgyCWE6zsMOpYgpgoZdY2kJ%2FMrhODh6bMFbR9U6%2BzrJHblJlEXSS5iRUVRmA%3D%3D","environmentVariables":{"FIREBASE_CONFIG":"{\"projectId\":\"ginalne\",\"storageBucket\":\"ginalne.appspot.com\",\"locationId\":\"asia-southeast2\"}","GCLOUD_PROJECT":"ginalne"},"runtime":"nodejs16","ingressSettings":"ALLOW_ALL","buildId":"35951518-4ab6-4399-9ccf-67e8d7333731","buildName":"projects/133333724885/locations/us-central1/builds/35951518-4ab6-4399-9ccf-67e8d7333731","dockerRegistry":"ARTIFACT_REGISTRY"},"versionId":"2","updateTime":"2022-08-11T14:12:42Z","buildId":"d21b616e-1d38-47f5-9401-7a2821b8245c","buildName":"projects/133333724885/locations/us-central1/builds/d21b616e-1d38-47f5-9401-7a2821b8245c"}}
[debug] [2022-08-11T14:13:00.301Z] [update-default-us-central1-helloWorld] Retrying task index 0
[debug] [2022-08-11T14:13:00.302Z] >>> [apiv2][query] GET https://cloudfunctions.googleapis.com/v1/operations/Z2luYWxuZS91cy1jZW50cmFsMS9oZWxsb1dvcmxkL0pSa2xRNHRNRm1r [none]
[debug] [2022-08-11T14:13:00.773Z] <<< [apiv2][status] GET https://cloudfunctions.googleapis.com/v1/operations/Z2luYWxuZS91cy1jZW50cmFsMS9oZWxsb1dvcmxkL0pSa2xRNHRNRm1r 200
[debug] [2022-08-11T14:13:00.773Z] <<< [apiv2][body] GET https://cloudfunctions.googleapis.com/v1/operations/Z2luYWxuZS91cy1jZW50cmFsMS9oZWxsb1dvcmxkL0pSa2xRNHRNRm1r {"name":"operations/Z2luYWxuZS91cy1jZW50cmFsMS9oZWxsb1dvcmxkL0pSa2xRNHRNRm1r","metadata":{"@type":"type.googleapis.com/google.cloud.functions.v1.OperationMetadataV1","target":"projects/ginalne/locations/us-central1/functions/helloWorld","type":"UPDATE_FUNCTION","request":{"@type":"type.googleapis.com/google.cloud.functions.v1.CloudFunction","name":"projects/ginalne/locations/us-central1/functions/helloWorld","httpsTrigger":{"url":"https://us-central1-ginalne.cloudfunctions.net/helloWorld","securityLevel":"SECURE_ALWAYS"},"status":"ACTIVE","entryPoint":"helloWorld","timeout":"60s","availableMemoryMb":256,"serviceAccountEmail":"ginalne@appspot.gserviceaccount.com","updateTime":"2022-08-11T14:08:10.977Z","versionId":"1","labels":{"deployment-tool":"cli-firebase"},"sourceUploadUrl":"https://storage.googleapis.com/uploads-280327481839.us-central1.cloudfunctions.appspot.com/ca22bb37-351a-49f7-a2ea-c651389c87b0.zip?GoogleAccessId=service-133333724885@gcf-admin-robot.iam.gserviceaccount.com&Expires=1660228960&Signature=OILf4djaJhpgT0hePuMjqH22EhhN8uBFsyQ3YPzXLsG6Z6lYW1XHRMvGzfGTpRiPNpiC7oKlj9hLCTuUZ7rrgSTlwyk0Oj54fKlNB2R3VGj%2BGblIESOLLjJ9acYtEZqMy4IuyN%2FrWV9%2BOAzwN2cKfWa6GGklPTYJ%2BykAqQFqqKI3Pkp8nFgJwCVoir2RsA2bZuJaFTRbpg2MOFFhj0SodzvSn2laxyt%2BTPsR6AMs%2Br5B9AYjE4L0wv9xzYvphJ30J2sS1zWV8SbGiMDiuTMuGycN8PkgyCWE6zsMOpYgpgoZdY2kJ%2FMrhODh6bMFbR9U6%2BzrJHblJlEXSS5iRUVRmA%3D%3D","environmentVariables":{"FIREBASE_CONFIG":"{\"projectId\":\"ginalne\",\"storageBucket\":\"ginalne.appspot.com\",\"locationId\":\"asia-southeast2\"}","GCLOUD_PROJECT":"ginalne"},"runtime":"nodejs16","ingressSettings":"ALLOW_ALL","buildId":"35951518-4ab6-4399-9ccf-67e8d7333731","buildName":"projects/133333724885/locations/us-central1/builds/35951518-4ab6-4399-9ccf-67e8d7333731","dockerRegistry":"ARTIFACT_REGISTRY"},"versionId":"2","updateTime":"2022-08-11T14:12:42Z","buildId":"d21b616e-1d38-47f5-9401-7a2821b8245c","buildName":"projects/133333724885/locations/us-central1/builds/d21b616e-1d38-47f5-9401-7a2821b8245c"}}
[debug] [2022-08-11T14:13:10.783Z] [update-default-us-central1-helloWorld] Retrying task index 0
[debug] [2022-08-11T14:13:10.784Z] >>> [apiv2][query] GET https://cloudfunctions.googleapis.com/v1/operations/Z2luYWxuZS91cy1jZW50cmFsMS9oZWxsb1dvcmxkL0pSa2xRNHRNRm1r [none]
[debug] [2022-08-11T14:13:11.250Z] <<< [apiv2][status] GET https://cloudfunctions.googleapis.com/v1/operations/Z2luYWxuZS91cy1jZW50cmFsMS9oZWxsb1dvcmxkL0pSa2xRNHRNRm1r 200
[debug] [2022-08-11T14:13:11.251Z] <<< [apiv2][body] GET https://cloudfunctions.googleapis.com/v1/operations/Z2luYWxuZS91cy1jZW50cmFsMS9oZWxsb1dvcmxkL0pSa2xRNHRNRm1r {"name":"operations/Z2luYWxuZS91cy1jZW50cmFsMS9oZWxsb1dvcmxkL0pSa2xRNHRNRm1r","metadata":{"@type":"type.googleapis.com/google.cloud.functions.v1.OperationMetadataV1","target":"projects/ginalne/locations/us-central1/functions/helloWorld","type":"UPDATE_FUNCTION","request":{"@type":"type.googleapis.com/google.cloud.functions.v1.CloudFunction","name":"projects/ginalne/locations/us-central1/functions/helloWorld","httpsTrigger":{"url":"https://us-central1-ginalne.cloudfunctions.net/helloWorld","securityLevel":"SECURE_ALWAYS"},"status":"ACTIVE","entryPoint":"helloWorld","timeout":"60s","availableMemoryMb":256,"serviceAccountEmail":"ginalne@appspot.gserviceaccount.com","updateTime":"2022-08-11T14:08:10.977Z","versionId":"1","labels":{"deployment-tool":"cli-firebase"},"sourceUploadUrl":"https://storage.googleapis.com/uploads-280327481839.us-central1.cloudfunctions.appspot.com/ca22bb37-351a-49f7-a2ea-c651389c87b0.zip?GoogleAccessId=service-133333724885@gcf-admin-robot.iam.gserviceaccount.com&Expires=1660228960&Signature=OILf4djaJhpgT0hePuMjqH22EhhN8uBFsyQ3YPzXLsG6Z6lYW1XHRMvGzfGTpRiPNpiC7oKlj9hLCTuUZ7rrgSTlwyk0Oj54fKlNB2R3VGj%2BGblIESOLLjJ9acYtEZqMy4IuyN%2FrWV9%2BOAzwN2cKfWa6GGklPTYJ%2BykAqQFqqKI3Pkp8nFgJwCVoir2RsA2bZuJaFTRbpg2MOFFhj0SodzvSn2laxyt%2BTPsR6AMs%2Br5B9AYjE4L0wv9xzYvphJ30J2sS1zWV8SbGiMDiuTMuGycN8PkgyCWE6zsMOpYgpgoZdY2kJ%2FMrhODh6bMFbR9U6%2BzrJHblJlEXSS5iRUVRmA%3D%3D","environmentVariables":{"FIREBASE_CONFIG":"{\"projectId\":\"ginalne\",\"storageBucket\":\"ginalne.appspot.com\",\"locationId\":\"asia-southeast2\"}","GCLOUD_PROJECT":"ginalne"},"runtime":"nodejs16","ingressSettings":"ALLOW_ALL","buildId":"35951518-4ab6-4399-9ccf-67e8d7333731","buildName":"projects/133333724885/locations/us-central1/builds/35951518-4ab6-4399-9ccf-67e8d7333731","dockerRegistry":"ARTIFACT_REGISTRY"},"versionId":"2","updateTime":"2022-08-11T14:12:42Z","buildId":"d21b616e-1d38-47f5-9401-7a2821b8245c","buildName":"projects/133333724885/locations/us-central1/builds/d21b616e-1d38-47f5-9401-7a2821b8245c"}}
[debug] [2022-08-11T14:13:21.258Z] [update-default-us-central1-helloWorld] Retrying task index 0
[debug] [2022-08-11T14:13:21.259Z] >>> [apiv2][query] GET https://cloudfunctions.googleapis.com/v1/operations/Z2luYWxuZS91cy1jZW50cmFsMS9oZWxsb1dvcmxkL0pSa2xRNHRNRm1r [none]
[debug] [2022-08-11T14:13:21.732Z] <<< [apiv2][status] GET https://cloudfunctions.googleapis.com/v1/operations/Z2luYWxuZS91cy1jZW50cmFsMS9oZWxsb1dvcmxkL0pSa2xRNHRNRm1r 200
[debug] [2022-08-11T14:13:21.732Z] <<< [apiv2][body] GET https://cloudfunctions.googleapis.com/v1/operations/Z2luYWxuZS91cy1jZW50cmFsMS9oZWxsb1dvcmxkL0pSa2xRNHRNRm1r {"name":"operations/Z2luYWxuZS91cy1jZW50cmFsMS9oZWxsb1dvcmxkL0pSa2xRNHRNRm1r","metadata":{"@type":"type.googleapis.com/google.cloud.functions.v1.OperationMetadataV1","target":"projects/ginalne/locations/us-central1/functions/helloWorld","type":"UPDATE_FUNCTION","request":{"@type":"type.googleapis.com/google.cloud.functions.v1.CloudFunction","name":"projects/ginalne/locations/us-central1/functions/helloWorld","httpsTrigger":{"url":"https://us-central1-ginalne.cloudfunctions.net/helloWorld","securityLevel":"SECURE_ALWAYS"},"status":"ACTIVE","entryPoint":"helloWorld","timeout":"60s","availableMemoryMb":256,"serviceAccountEmail":"ginalne@appspot.gserviceaccount.com","updateTime":"2022-08-11T14:08:10.977Z","versionId":"1","labels":{"deployment-tool":"cli-firebase"},"sourceUploadUrl":"https://storage.googleapis.com/uploads-280327481839.us-central1.cloudfunctions.appspot.com/ca22bb37-351a-49f7-a2ea-c651389c87b0.zip?GoogleAccessId=service-133333724885@gcf-admin-robot.iam.gserviceaccount.com&Expires=1660228960&Signature=OILf4djaJhpgT0hePuMjqH22EhhN8uBFsyQ3YPzXLsG6Z6lYW1XHRMvGzfGTpRiPNpiC7oKlj9hLCTuUZ7rrgSTlwyk0Oj54fKlNB2R3VGj%2BGblIESOLLjJ9acYtEZqMy4IuyN%2FrWV9%2BOAzwN2cKfWa6GGklPTYJ%2BykAqQFqqKI3Pkp8nFgJwCVoir2RsA2bZuJaFTRbpg2MOFFhj0SodzvSn2laxyt%2BTPsR6AMs%2Br5B9AYjE4L0wv9xzYvphJ30J2sS1zWV8SbGiMDiuTMuGycN8PkgyCWE6zsMOpYgpgoZdY2kJ%2FMrhODh6bMFbR9U6%2BzrJHblJlEXSS5iRUVRmA%3D%3D","environmentVariables":{"FIREBASE_CONFIG":"{\"projectId\":\"ginalne\",\"storageBucket\":\"ginalne.appspot.com\",\"locationId\":\"asia-southeast2\"}","GCLOUD_PROJECT":"ginalne"},"runtime":"nodejs16","ingressSettings":"ALLOW_ALL","buildId":"35951518-4ab6-4399-9ccf-67e8d7333731","buildName":"projects/133333724885/locations/us-central1/builds/35951518-4ab6-4399-9ccf-67e8d7333731","dockerRegistry":"ARTIFACT_REGISTRY"},"versionId":"2","updateTime":"2022-08-11T14:12:42Z","buildId":"d21b616e-1d38-47f5-9401-7a2821b8245c","buildName":"projects/133333724885/locations/us-central1/builds/d21b616e-1d38-47f5-9401-7a2821b8245c"}}
[debug] [2022-08-11T14:13:31.757Z] [update-default-us-central1-helloWorld] Retrying task index 0
[debug] [2022-08-11T14:13:31.757Z] >>> [apiv2][query] GET https://cloudfunctions.googleapis.com/v1/operations/Z2luYWxuZS91cy1jZW50cmFsMS9oZWxsb1dvcmxkL0pSa2xRNHRNRm1r [none]
[debug] [2022-08-11T14:13:32.250Z] <<< [apiv2][status] GET https://cloudfunctions.googleapis.com/v1/operations/Z2luYWxuZS91cy1jZW50cmFsMS9oZWxsb1dvcmxkL0pSa2xRNHRNRm1r 200
[debug] [2022-08-11T14:13:32.251Z] <<< [apiv2][body] GET https://cloudfunctions.googleapis.com/v1/operations/Z2luYWxuZS91cy1jZW50cmFsMS9oZWxsb1dvcmxkL0pSa2xRNHRNRm1r {"name":"operations/Z2luYWxuZS91cy1jZW50cmFsMS9oZWxsb1dvcmxkL0pSa2xRNHRNRm1r","metadata":{"@type":"type.googleapis.com/google.cloud.functions.v1.OperationMetadataV1","target":"projects/ginalne/locations/us-central1/functions/helloWorld","type":"UPDATE_FUNCTION","request":{"@type":"type.googleapis.com/google.cloud.functions.v1.CloudFunction","name":"projects/ginalne/locations/us-central1/functions/helloWorld","httpsTrigger":{"url":"https://us-central1-ginalne.cloudfunctions.net/helloWorld","securityLevel":"SECURE_ALWAYS"},"status":"ACTIVE","entryPoint":"helloWorld","timeout":"60s","availableMemoryMb":256,"serviceAccountEmail":"ginalne@appspot.gserviceaccount.com","updateTime":"2022-08-11T14:08:10.977Z","versionId":"1","labels":{"deployment-tool":"cli-firebase"},"sourceUploadUrl":"https://storage.googleapis.com/uploads-280327481839.us-central1.cloudfunctions.appspot.com/ca22bb37-351a-49f7-a2ea-c651389c87b0.zip?GoogleAccessId=service-133333724885@gcf-admin-robot.iam.gserviceaccount.com&Expires=1660228960&Signature=OILf4djaJhpgT0hePuMjqH22EhhN8uBFsyQ3YPzXLsG6Z6lYW1XHRMvGzfGTpRiPNpiC7oKlj9hLCTuUZ7rrgSTlwyk0Oj54fKlNB2R3VGj%2BGblIESOLLjJ9acYtEZqMy4IuyN%2FrWV9%2BOAzwN2cKfWa6GGklPTYJ%2BykAqQFqqKI3Pkp8nFgJwCVoir2RsA2bZuJaFTRbpg2MOFFhj0SodzvSn2laxyt%2BTPsR6AMs%2Br5B9AYjE4L0wv9xzYvphJ30J2sS1zWV8SbGiMDiuTMuGycN8PkgyCWE6zsMOpYgpgoZdY2kJ%2FMrhODh6bMFbR9U6%2BzrJHblJlEXSS5iRUVRmA%3D%3D","environmentVariables":{"FIREBASE_CONFIG":"{\"projectId\":\"ginalne\",\"storageBucket\":\"ginalne.appspot.com\",\"locationId\":\"asia-southeast2\"}","GCLOUD_PROJECT":"ginalne"},"runtime":"nodejs16","ingressSettings":"ALLOW_ALL","buildId":"35951518-4ab6-4399-9ccf-67e8d7333731","buildName":"projects/133333724885/locations/us-central1/builds/35951518-4ab6-4399-9ccf-67e8d7333731","dockerRegistry":"ARTIFACT_REGISTRY"},"versionId":"2","updateTime":"2022-08-11T14:12:42Z","buildId":"d21b616e-1d38-47f5-9401-7a2821b8245c","buildName":"projects/133333724885/locations/us-central1/builds/d21b616e-1d38-47f5-9401-7a2821b8245c"}}
[debug] [2022-08-11T14:13:42.254Z] [update-default-us-central1-helloWorld] Retrying task index 0
[debug] [2022-08-11T14:13:42.254Z] >>> [apiv2][query] GET https://cloudfunctions.googleapis.com/v1/operations/Z2luYWxuZS91cy1jZW50cmFsMS9oZWxsb1dvcmxkL0pSa2xRNHRNRm1r [none]
[debug] [2022-08-11T14:13:42.828Z] <<< [apiv2][status] GET https://cloudfunctions.googleapis.com/v1/operations/Z2luYWxuZS91cy1jZW50cmFsMS9oZWxsb1dvcmxkL0pSa2xRNHRNRm1r 200
[debug] [2022-08-11T14:13:42.828Z] <<< [apiv2][body] GET https://cloudfunctions.googleapis.com/v1/operations/Z2luYWxuZS91cy1jZW50cmFsMS9oZWxsb1dvcmxkL0pSa2xRNHRNRm1r {"name":"operations/Z2luYWxuZS91cy1jZW50cmFsMS9oZWxsb1dvcmxkL0pSa2xRNHRNRm1r","metadata":{"@type":"type.googleapis.com/google.cloud.functions.v1.OperationMetadataV1","target":"projects/ginalne/locations/us-central1/functions/helloWorld","type":"UPDATE_FUNCTION","request":{"@type":"type.googleapis.com/google.cloud.functions.v1.CloudFunction","name":"projects/ginalne/locations/us-central1/functions/helloWorld","httpsTrigger":{"url":"https://us-central1-ginalne.cloudfunctions.net/helloWorld","securityLevel":"SECURE_ALWAYS"},"status":"ACTIVE","entryPoint":"helloWorld","timeout":"60s","availableMemoryMb":256,"serviceAccountEmail":"ginalne@appspot.gserviceaccount.com","updateTime":"2022-08-11T14:08:10.977Z","versionId":"1","labels":{"deployment-tool":"cli-firebase"},"sourceUploadUrl":"https://storage.googleapis.com/uploads-280327481839.us-central1.cloudfunctions.appspot.com/ca22bb37-351a-49f7-a2ea-c651389c87b0.zip?GoogleAccessId=service-133333724885@gcf-admin-robot.iam.gserviceaccount.com&Expires=1660228960&Signature=OILf4djaJhpgT0hePuMjqH22EhhN8uBFsyQ3YPzXLsG6Z6lYW1XHRMvGzfGTpRiPNpiC7oKlj9hLCTuUZ7rrgSTlwyk0Oj54fKlNB2R3VGj%2BGblIESOLLjJ9acYtEZqMy4IuyN%2FrWV9%2BOAzwN2cKfWa6GGklPTYJ%2BykAqQFqqKI3Pkp8nFgJwCVoir2RsA2bZuJaFTRbpg2MOFFhj0SodzvSn2laxyt%2BTPsR6AMs%2Br5B9AYjE4L0wv9xzYvphJ30J2sS1zWV8SbGiMDiuTMuGycN8PkgyCWE6zsMOpYgpgoZdY2kJ%2FMrhODh6bMFbR9U6%2BzrJHblJlEXSS5iRUVRmA%3D%3D","environmentVariables":{"FIREBASE_CONFIG":"{\"projectId\":\"ginalne\",\"storageBucket\":\"ginalne.appspot.com\",\"locationId\":\"asia-southeast2\"}","GCLOUD_PROJECT":"ginalne"},"runtime":"nodejs16","ingressSettings":"ALLOW_ALL","buildId":"35951518-4ab6-4399-9ccf-67e8d7333731","buildName":"projects/133333724885/locations/us-central1/builds/35951518-4ab6-4399-9ccf-67e8d7333731","dockerRegistry":"ARTIFACT_REGISTRY"},"versionId":"2","updateTime":"2022-08-11T14:12:42Z","buildId":"d21b616e-1d38-47f5-9401-7a2821b8245c","sourceToken":"c750d3b4-25b4-48ac-b4f0-fead7bb3d25d","buildName":"projects/133333724885/locations/us-central1/builds/d21b616e-1d38-47f5-9401-7a2821b8245c"}}
[debug] [2022-08-11T14:13:42.828Z] Got source token c750d3b4-25b4-48ac-b4f0-fead7bb3d25d for region us-central1
